<?xml version="1.0" encoding="UTF-8"?>
<testng-results ignored="0" total="1" passed="1" failed="0" skipped="0">
  <reporter-output>
  </reporter-output>
  <suite started-at="2025-08-04T02:03:00 CEST" name="Sellingo Suite" finished-at="2025-08-04T02:03:27 CEST" duration-ms="26720">
    <groups>
    </groups>
    <test started-at="2025-08-04T02:03:00 CEST" name="Register Page Tests" finished-at="2025-08-04T02:03:27 CEST" duration-ms="26720">
      <class name="registerPageTests">
        <test-method is-config="true" signature="setUp(java.lang.reflect.Method)[pri:0, instance:registerPageTests@3ce1e309]" started-at="2025-08-04T02:03:00 CEST" name="setUp" finished-at="2025-08-04T02:03:03 CEST" duration-ms="3303" status="PASS">
          <params>
            <param index="0">
              <value>
                <![CDATA[public void registerPageTests.registerTest()]]>
              </value>
            </param>
          </params>
          <reporter-output>
          </reporter-output>
        </test-method> <!-- setUp -->
        <test-method signature="registerTest()[pri:0, instance:registerPageTests@3ce1e309]" started-at="2025-08-04T02:03:03 CEST" name="registerTest" finished-at="2025-08-04T02:03:26 CEST" duration-ms="22656" status="PASS">
          <reporter-output>
          </reporter-output>
        </test-method> <!-- registerTest -->
        <test-method is-config="true" signature="tearDown()[pri:0, instance:registerPageTests@3ce1e309]" started-at="2025-08-04T02:03:26 CEST" name="tearDown" finished-at="2025-08-04T02:03:27 CEST" duration-ms="727" status="PASS">
          <reporter-output>
          </reporter-output>
        </test-method> <!-- tearDown -->
      </class> <!-- registerPageTests -->
    </test> <!-- Register Page Tests -->
  </suite> <!-- Sellingo Suite -->
</testng-results>
